<?xml version="1.0" encoding="UTF-8"?>
<!-- Generated by org.testng.reporters.JUnitReportReporter -->
<testsuite skipped="0" hostname="DR-INDTPTY-003" name="runner.RunnerClass" tests="2" failures="0" timestamp="05 Oct 2018 06:28:44 GMT" time="264.383" errors="0">
  <testcase name="feature" time="138.150" classname="runner.RunnerClass"/>
  <testcase name="feature" time="126.233" classname="runner.RunnerClass"/>
</testsuite> <!-- runner.RunnerClass -->
